{"total": {"lines":{"total":890,"covered":655,"skipped":0,"pct":73.59},"statements":{"total":1002,"covered":726,"skipped":0,"pct":72.45},"functions":{"total":116,"covered":77,"skipped":0,"pct":66.37},"branches":{"total":585,"covered":336,"skipped":0,"pct":57.43},"branchesTrue":{"total":0,"covered":0,"skipped":0,"pct":100}}
,"C:\\Users\\vlade\\OneDrive\\Documentos\\GitHub\\XLS_FUSION\\src\\server\\auth.ts": {"lines":{"total":26,"covered":25,"skipped":0,"pct":96.15},"functions":{"total":6,"covered":6,"skipped":0,"pct":100},"statements":{"total":29,"covered":26,"skipped":0,"pct":89.65},"branches":{"total":16,"covered":13,"skipped":0,"pct":81.25}}
,"C:\\Users\\vlade\\OneDrive\\Documentos\\GitHub\\XLS_FUSION\\src\\server\\routes.ts": {"lines":{"total":56,"covered":43,"skipped":0,"pct":76.78},"functions":{"total":3,"covered":2,"skipped":0,"pct":66.66},"statements":{"total":57,"covered":44,"skipped":0,"pct":77.19},"branches":{"total":18,"covered":0,"skipped":0,"pct":0}}
,"C:\\Users\\vlade\\OneDrive\\Documentos\\GitHub\\XLS_FUSION\\src\\server\\controllers\\authController.ts": {"lines":{"total":113,"covered":97,"skipped":0,"pct":85.84},"functions":{"total":8,"covered":8,"skipped":0,"pct":100},"statements":{"total":127,"covered":109,"skipped":0,"pct":85.82},"branches":{"total":74,"covered":60,"skipped":0,"pct":81.08}}
,"C:\\Users\\vlade\\OneDrive\\Documentos\\GitHub\\XLS_FUSION\\src\\server\\controllers\\fileController.ts": {"lines":{"total":81,"covered":30,"skipped":0,"pct":37.03},"functions":{"total":15,"covered":4,"skipped":0,"pct":26.66},"statements":{"total":93,"covered":36,"skipped":0,"pct":38.7},"branches":{"total":42,"covered":11,"skipped":0,"pct":26.19}}
,"C:\\Users\\vlade\\OneDrive\\Documentos\\GitHub\\XLS_FUSION\\src\\server\\controllers\\formController.ts": {"lines":{"total":303,"covered":178,"skipped":0,"pct":58.74},"functions":{"total":43,"covered":18,"skipped":0,"pct":41.86},"statements":{"total":343,"covered":194,"skipped":0,"pct":56.55},"branches":{"total":244,"covered":102,"skipped":0,"pct":41.8}}
,"C:\\Users\\vlade\\OneDrive\\Documentos\\GitHub\\XLS_FUSION\\src\\server\\controllers\\notificationController.ts": {"lines":{"total":25,"covered":19,"skipped":0,"pct":76},"functions":{"total":3,"covered":3,"skipped":0,"pct":100},"statements":{"total":31,"covered":22,"skipped":0,"pct":70.96},"branches":{"total":6,"covered":3,"skipped":0,"pct":50}}
,"C:\\Users\\vlade\\OneDrive\\Documentos\\GitHub\\XLS_FUSION\\src\\server\\controllers\\publicFormController.ts": {"lines":{"total":107,"covered":86,"skipped":0,"pct":80.37},"functions":{"total":12,"covered":10,"skipped":0,"pct":83.33},"statements":{"total":122,"covered":97,"skipped":0,"pct":79.5},"branches":{"total":119,"covered":83,"skipped":0,"pct":69.74}}
,"C:\\Users\\vlade\\OneDrive\\Documentos\\GitHub\\XLS_FUSION\\src\\server\\middleware\\authMiddleware.ts": {"lines":{"total":10,"covered":10,"skipped":0,"pct":100},"functions":{"total":1,"covered":1,"skipped":0,"pct":100},"statements":{"total":11,"covered":11,"skipped":0,"pct":100},"branches":{"total":4,"covered":4,"skipped":0,"pct":100}}
,"C:\\Users\\vlade\\OneDrive\\Documentos\\GitHub\\XLS_FUSION\\src\\server\\utils\\emailService.ts": {"lines":{"total":43,"covered":43,"skipped":0,"pct":100},"functions":{"total":2,"covered":2,"skipped":0,"pct":100},"statements":{"total":43,"covered":43,"skipped":0,"pct":100},"branches":{"total":9,"covered":8,"skipped":0,"pct":88.88}}
,"C:\\Users\\vlade\\OneDrive\\Documentos\\GitHub\\XLS_FUSION\\src\\utils\\documentProcessor.ts": {"lines":{"total":71,"covered":69,"skipped":0,"pct":97.18},"functions":{"total":13,"covered":13,"skipped":0,"pct":100},"statements":{"total":74,"covered":72,"skipped":0,"pct":97.29},"branches":{"total":18,"covered":17,"skipped":0,"pct":94.44}}
,"C:\\Users\\vlade\\OneDrive\\Documentos\\GitHub\\XLS_FUSION\\src\\utils\\excelLogic.tsx": {"lines":{"total":34,"covered":34,"skipped":0,"pct":100},"functions":{"total":8,"covered":8,"skipped":0,"pct":100},"statements":{"total":49,"covered":49,"skipped":0,"pct":100},"branches":{"total":31,"covered":31,"skipped":0,"pct":100}}
,"C:\\Users\\vlade\\OneDrive\\Documentos\\GitHub\\XLS_FUSION\\src\\utils\\sound.ts": {"lines":{"total":21,"covered":21,"skipped":0,"pct":100},"functions":{"total":2,"covered":2,"skipped":0,"pct":100},"statements":{"total":23,"covered":23,"skipped":0,"pct":100},"branches":{"total":4,"covered":4,"skipped":0,"pct":100}}
}
