TN:
SF:src\server\auth.ts
FN:12,hashPassword
FN:16,verifyPassword
FN:20,createAuthToken
FN:24,verifyAuthToken
FN:36,getTokenFromHeader
FN:45,getAuthUserFromToken
FNF:6
FNH:6
FNDA:4,hashPassword
FNDA:2,verifyPassword
FNDA:7,createAuthToken
FNDA:34,verifyAuthToken
FNDA:39,getTokenFromHeader
FNDA:34,getAuthUserFromToken
DA:1,5
DA:2,5
DA:4,5
DA:5,5
DA:12,5
DA:13,4
DA:16,5
DA:17,2
DA:20,5
DA:21,7
DA:24,5
DA:25,34
DA:26,34
DA:27,32
DA:28,32
DA:31,2
DA:33,0
DA:36,5
DA:37,39
DA:38,34
DA:39,34
DA:40,34
DA:41,34
DA:42,34
DA:45,5
DA:46,34
LF:26
LH:25
BRDA:4,0,0,5
BRDA:4,0,1,5
BRDA:5,1,0,5
BRDA:5,1,1,5
BRDA:27,2,0,32
BRDA:27,2,1,0
BRDA:27,3,0,32
BRDA:27,3,1,32
BRDA:27,3,2,32
BRDA:27,3,3,32
BRDA:37,4,0,5
BRDA:37,4,1,34
BRDA:39,5,0,0
BRDA:39,5,1,34
BRDA:41,6,0,0
BRDA:41,6,1,34
BRF:16
BRH:13
end_of_record
TN:
SF:src\server\routes.ts
FN:49,registerRoutes
FN:53,(anonymous_2)
FN:85,(anonymous_3)
FNF:3
FNH:2
FNDA:5,registerRoutes
FNDA:1,(anonymous_2)
FNDA:0,(anonymous_3)
DA:12,5
DA:13,5
DA:14,5
DA:17,5
DA:20,5
DA:21,5
DA:34,5
DA:35,5
DA:40,5
DA:49,5
DA:53,5
DA:58,5
DA:59,5
DA:60,5
DA:61,5
DA:62,5
DA:63,5
DA:64,5
DA:69,5
DA:70,5
DA:71,5
DA:72,5
DA:73,5
DA:74,5
DA:75,5
DA:80,5
DA:85,5
DA:86,0
DA:88,0
DA:91,0
DA:92,0
DA:93,0
DA:94,0
DA:95,0
DA:96,0
DA:97,0
DA:99,0
DA:103,0
DA:117,0
DA:118,0
DA:125,5
DA:126,5
DA:127,5
DA:128,5
DA:133,5
DA:134,5
DA:135,5
DA:140,5
DA:141,5
DA:142,5
DA:147,5
DA:148,5
DA:149,5
DA:154,5
DA:155,5
DA:156,5
LF:56
LH:43
BRDA:93,0,0,0
BRDA:93,0,1,0
BRDA:97,1,0,0
BRDA:97,1,1,0
BRDA:105,2,0,0
BRDA:105,2,1,0
BRDA:107,3,0,0
BRDA:107,3,1,0
BRDA:108,4,0,0
BRDA:108,4,1,0
BRDA:109,5,0,0
BRDA:109,5,1,0
BRDA:110,6,0,0
BRDA:110,6,1,0
BRDA:111,7,0,0
BRDA:111,7,1,0
BRDA:112,8,0,0
BRDA:112,8,1,0
BRF:18
BRH:0
end_of_record
TN:
SF:src\server\controllers\authController.ts
FN:7,(anonymous_1)
FN:10,(anonymous_2)
FN:52,(anonymous_3)
FN:89,(anonymous_4)
FN:110,(anonymous_5)
FN:135,(anonymous_6)
FN:175,(anonymous_7)
FN:207,(anonymous_8)
FNF:8
FNH:8
FNDA:8,(anonymous_1)
FNDA:6,(anonymous_2)
FNDA:5,(anonymous_3)
FNDA:3,(anonymous_4)
FNDA:3,(anonymous_5)
FNDA:3,(anonymous_6)
FNDA:3,(anonymous_7)
FNDA:2,(anonymous_8)
DA:2,5
DA:3,5
DA:4,5
DA:5,5
DA:7,5
DA:8,8
DA:10,5
DA:11,6
DA:12,6
DA:13,6
DA:14,2
DA:17,4
DA:18,4
DA:19,1
DA:22,3
DA:23,1
DA:26,2
DA:27,2
DA:28,1
DA:31,1
DA:32,1
DA:37,1
DA:38,1
DA:47,0
DA:48,0
DA:52,5
DA:53,5
DA:54,5
DA:55,5
DA:56,1
DA:59,4
DA:60,4
DA:61,1
DA:64,3
DA:65,3
DA:66,1
DA:69,2
DA:70,2
DA:71,1
DA:74,1
DA:75,1
DA:84,0
DA:85,0
DA:89,5
DA:90,3
DA:91,3
DA:92,3
DA:94,3
DA:95,3
DA:97,2
DA:105,0
DA:106,0
DA:110,5
DA:111,3
DA:112,3
DA:113,3
DA:114,0
DA:117,3
DA:118,3
DA:120,2
DA:121,2
DA:130,0
DA:131,0
DA:135,5
DA:136,3
DA:137,3
DA:138,3
DA:139,1
DA:142,2
DA:143,2
DA:145,2
DA:146,1
DA:151,1
DA:152,1
DA:153,1
DA:154,1
DA:156,1
DA:158,1
DA:161,1
DA:162,1
DA:168,1
DA:170,0
DA:171,0
DA:175,5
DA:176,3
DA:177,3
DA:178,3
DA:179,0
DA:182,3
DA:183,1
DA:186,2
DA:191,2
DA:192,1
DA:195,1
DA:196,1
DA:197,1
DA:198,1
DA:200,1
DA:202,0
DA:203,0
DA:207,5
DA:208,2
DA:209,2
DA:210,2
DA:212,2
DA:214,2
DA:215,2
DA:217,1
DA:218,1
DA:220,1
DA:222,1
DA:231,0
DA:232,0
LF:113
LH:97
BRDA:8,0,0,8
BRDA:8,0,1,8
BRDA:13,1,0,2
BRDA:13,1,1,4
BRDA:13,2,0,6
BRDA:13,2,1,5
BRDA:18,3,0,1
BRDA:18,3,1,3
BRDA:22,4,0,1
BRDA:22,4,1,2
BRDA:27,5,0,1
BRDA:27,5,1,1
BRDA:35,6,0,1
BRDA:35,6,1,0
BRDA:42,7,0,1
BRDA:42,7,1,0
BRDA:43,8,0,1
BRDA:43,8,1,1
BRDA:55,9,0,1
BRDA:55,9,1,4
BRDA:55,10,0,5
BRDA:55,10,1,5
BRDA:60,11,0,1
BRDA:60,11,1,3
BRDA:65,12,0,1
BRDA:65,12,1,2
BRDA:70,13,0,1
BRDA:70,13,1,1
BRDA:79,14,0,1
BRDA:79,14,1,0
BRDA:80,15,0,1
BRDA:80,15,1,1
BRDA:92,16,0,0
BRDA:92,16,1,3
BRDA:95,17,0,1
BRDA:95,17,1,2
BRDA:100,18,0,2
BRDA:100,18,1,0
BRDA:101,19,0,2
BRDA:101,19,1,2
BRDA:113,20,0,0
BRDA:113,20,1,3
BRDA:118,21,0,1
BRDA:118,21,1,2
BRDA:125,22,0,2
BRDA:125,22,1,0
BRDA:126,23,0,2
BRDA:126,23,1,2
BRDA:138,24,0,1
BRDA:138,24,1,2
BRDA:145,25,0,1
BRDA:145,25,1,1
BRDA:161,26,0,1
BRDA:161,26,1,0
BRDA:178,27,0,0
BRDA:178,27,1,3
BRDA:178,28,0,3
BRDA:178,28,1,3
BRDA:182,29,0,1
BRDA:182,29,1,2
BRDA:191,30,0,1
BRDA:191,30,1,1
BRDA:210,31,0,0
BRDA:210,31,1,2
BRDA:215,32,0,1
BRDA:215,32,1,1
BRDA:217,33,0,1
BRDA:217,33,1,0
BRDA:218,34,0,1
BRDA:218,34,1,0
BRDA:226,35,0,1
BRDA:226,35,1,0
BRDA:227,36,0,1
BRDA:227,36,1,0
BRF:74
BRH:60
end_of_record
TN:
SF:src\server\controllers\fileController.ts
FN:16,recordUploadMetric
FN:21,getUploadSystemMetrics
FN:23,(anonymous_3)
FN:28,(anonymous_4)
FN:30,(anonymous_5)
FN:34,(anonymous_6)
FN:36,(anonymous_7)
FN:49,(anonymous_8)
FN:58,(anonymous_9)
FN:61,(anonymous_10)
FN:87,(anonymous_11)
FN:112,(anonymous_12)
FN:151,(anonymous_13)
FN:171,(anonymous_14)
FN:188,(anonymous_15)
FNF:15
FNH:4
FNDA:2,recordUploadMetric
FNDA:0,getUploadSystemMetrics
FNDA:0,(anonymous_3)
FNDA:0,(anonymous_4)
FNDA:0,(anonymous_5)
FNDA:0,(anonymous_6)
FNDA:0,(anonymous_7)
FNDA:9,(anonymous_8)
FNDA:0,(anonymous_9)
FNDA:4,(anonymous_10)
FNDA:2,(anonymous_11)
FNDA:0,(anonymous_12)
FNDA:0,(anonymous_13)
FNDA:0,(anonymous_14)
FNDA:0,(anonymous_15)
DA:2,5
DA:3,5
DA:13,5
DA:14,5
DA:17,2
DA:18,2
DA:21,5
DA:22,0
DA:23,0
DA:24,0
DA:25,0
DA:28,0
DA:29,0
DA:30,0
DA:34,0
DA:35,0
DA:36,0
DA:39,0
DA:49,5
DA:50,9
DA:58,5
DA:59,0
DA:61,5
DA:62,4
DA:63,4
DA:65,3
DA:66,3
DA:67,3
DA:69,3
DA:80,3
DA:82,0
DA:83,0
DA:87,5
DA:88,2
DA:89,2
DA:90,2
DA:91,1
DA:92,1
DA:95,1
DA:103,1
DA:104,1
DA:106,0
DA:107,0
DA:108,0
DA:112,5
DA:113,0
DA:114,0
DA:115,0
DA:116,0
DA:119,0
DA:120,0
DA:121,0
DA:129,0
DA:132,0
DA:134,0
DA:146,0
DA:147,0
DA:151,5
DA:152,0
DA:153,0
DA:154,0
DA:155,0
DA:157,0
DA:166,0
DA:167,0
DA:171,5
DA:172,0
DA:173,0
DA:174,0
DA:175,0
DA:177,0
DA:178,0
DA:181,0
DA:184,0
DA:185,0
DA:187,0
DA:188,0
DA:189,0
DA:190,0
DA:193,0
DA:194,0
LF:81
LH:30
BRDA:18,0,0,0
BRDA:18,0,1,2
BRDA:25,1,0,0
BRDA:25,1,1,0
BRDA:28,2,0,0
BRDA:28,2,1,0
BRDA:29,3,0,0
BRDA:29,3,1,0
BRDA:35,4,0,0
BRDA:35,4,1,0
BRDA:44,5,0,0
BRDA:44,5,1,0
BRDA:63,6,0,1
BRDA:63,6,1,3
BRDA:65,7,0,3
BRDA:65,7,1,1
BRDA:66,8,0,3
BRDA:66,8,1,1
BRDA:67,9,0,3
BRDA:67,9,1,1
BRDA:90,10,0,1
BRDA:90,10,1,1
BRDA:106,11,0,0
BRDA:106,11,1,0
BRDA:115,12,0,0
BRDA:115,12,1,0
BRDA:115,13,0,0
BRDA:115,13,1,0
BRDA:119,14,0,0
BRDA:119,14,1,0
BRDA:125,15,0,0
BRDA:125,15,1,0
BRDA:130,16,0,0
BRDA:130,16,1,0
BRDA:130,17,0,0
BRDA:130,17,1,0
BRDA:155,18,0,0
BRDA:155,18,1,0
BRDA:175,19,0,0
BRDA:175,19,1,0
BRDA:177,20,0,0
BRDA:177,20,1,0
BRF:42
BRH:11
end_of_record
TN:
SF:src\server\controllers\formController.ts
FN:7,(anonymous_0)
FN:10,(anonymous_1)
FN:13,(anonymous_2)
FN:14,(anonymous_3)
FN:16,(anonymous_4)
FN:20,(anonymous_5)
FN:20,(anonymous_6)
FN:25,(anonymous_7)
FN:29,(anonymous_8)
FN:29,(anonymous_9)
FN:34,(anonymous_10)
FN:38,(anonymous_11)
FN:43,(anonymous_12)
FN:61,(anonymous_13)
FN:77,(anonymous_14)
FN:101,(anonymous_15)
FN:150,(anonymous_16)
FN:151,(anonymous_17)
FN:220,(anonymous_18)
FN:273,(anonymous_19)
FN:279,(anonymous_20)
FN:285,(anonymous_21)
FN:286,(anonymous_22)
FN:305,(anonymous_23)
FN:346,(anonymous_24)
FN:379,(anonymous_25)
FN:387,(anonymous_26)
FN:390,(anonymous_27)
FN:391,(anonymous_28)
FN:406,(anonymous_29)
FN:415,(anonymous_30)
FN:431,(anonymous_31)
FN:508,(anonymous_32)
FN:534,(anonymous_33)
FN:541,(anonymous_34)
FN:549,(anonymous_35)
FN:550,(anonymous_36)
FN:565,(anonymous_37)
FN:575,(anonymous_38)
FN:578,(anonymous_39)
FN:579,(anonymous_40)
FN:589,(anonymous_41)
FN:607,(anonymous_42)
FNF:43
FNH:18
FNDA:2,(anonymous_0)
FNDA:0,(anonymous_1)
FNDA:2,(anonymous_2)
FNDA:0,(anonymous_3)
FNDA:2,(anonymous_4)
FNDA:0,(anonymous_5)
FNDA:0,(anonymous_6)
FNDA:2,(anonymous_7)
FNDA:0,(anonymous_8)
FNDA:0,(anonymous_9)
FNDA:2,(anonymous_10)
FNDA:0,(anonymous_11)
FNDA:0,(anonymous_12)
FNDA:1,(anonymous_13)
FNDA:1,(anonymous_14)
FNDA:2,(anonymous_15)
FNDA:0,(anonymous_16)
FNDA:0,(anonymous_17)
FNDA:2,(anonymous_18)
FNDA:1,(anonymous_19)
FNDA:1,(anonymous_20)
FNDA:1,(anonymous_21)
FNDA:1,(anonymous_22)
FNDA:2,(anonymous_23)
FNDA:2,(anonymous_24)
FNDA:0,(anonymous_25)
FNDA:0,(anonymous_26)
FNDA:0,(anonymous_27)
FNDA:0,(anonymous_28)
FNDA:0,(anonymous_29)
FNDA:1,(anonymous_30)
FNDA:2,(anonymous_31)
FNDA:2,(anonymous_32)
FNDA:0,(anonymous_33)
FNDA:0,(anonymous_34)
FNDA:0,(anonymous_35)
FNDA:0,(anonymous_36)
FNDA:0,(anonymous_37)
FNDA:0,(anonymous_38)
FNDA:0,(anonymous_39)
FNDA:0,(anonymous_40)
FNDA:0,(anonymous_41)
FNDA:0,(anonymous_42)
DA:2,5
DA:4,5
DA:7,5
DA:8,2
DA:10,5
DA:11,0
DA:13,5
DA:14,5
DA:16,5
DA:17,2
DA:20,0
DA:25,5
DA:26,2
DA:29,0
DA:34,5
DA:35,2
DA:37,2
DA:39,0
DA:40,0
DA:41,0
DA:42,0
DA:43,0
DA:45,0
DA:46,0
DA:48,0
DA:49,0
DA:52,0
DA:53,0
DA:56,0
DA:61,5
DA:62,1
DA:63,1
DA:64,1
DA:65,0
DA:68,1
DA:69,1
DA:77,1
DA:94,1
DA:96,0
DA:97,0
DA:101,5
DA:102,2
DA:103,2
DA:104,2
DA:105,2
DA:106,2
DA:107,2
DA:108,2
DA:109,2
DA:110,2
DA:111,2
DA:113,2
DA:114,0
DA:117,2
DA:118,0
DA:121,2
DA:122,1
DA:123,1
DA:124,1
DA:125,0
DA:128,1
DA:129,1
DA:130,0
DA:132,1
DA:133,1
DA:135,1
DA:136,1
DA:139,1
DA:140,1
DA:141,0
DA:144,1
DA:145,1
DA:146,0
DA:149,1
DA:150,1
DA:151,1
DA:153,1
DA:154,0
DA:155,0
DA:156,0
DA:157,0
DA:159,0
DA:160,0
DA:161,0
DA:162,0
DA:163,0
DA:165,0
DA:166,0
DA:168,0
DA:169,0
DA:174,1
DA:175,0
DA:176,0
DA:177,0
DA:181,1
DA:182,1
DA:183,1
DA:185,1
DA:192,1
DA:193,1
DA:194,1
DA:195,1
DA:196,1
DA:197,1
DA:198,1
DA:200,1
DA:203,1
DA:213,1
DA:215,0
DA:216,0
DA:220,5
DA:221,2
DA:222,2
DA:223,2
DA:224,2
DA:226,2
DA:228,2
DA:229,2
DA:231,2
DA:232,2
DA:234,2
DA:235,0
DA:238,2
DA:243,2
DA:245,1
DA:251,1
DA:252,1
DA:263,0
DA:266,1
DA:268,0
DA:269,0
DA:273,5
DA:274,1
DA:275,1
DA:276,1
DA:278,1
DA:279,1
DA:280,1
DA:285,1
DA:286,1
DA:287,1
DA:298,1
DA:300,0
DA:301,0
DA:305,5
DA:306,2
DA:307,2
DA:308,2
DA:310,2
DA:311,0
DA:314,2
DA:315,2
DA:317,2
DA:318,2
DA:319,2
DA:320,0
DA:322,2
DA:323,2
DA:324,2
DA:325,0
DA:328,2
DA:329,2
DA:331,2
DA:332,1
DA:333,1
DA:334,1
DA:335,1
DA:339,2
DA:341,0
DA:342,0
DA:346,5
DA:347,2
DA:348,2
DA:349,2
DA:350,2
DA:351,0
DA:354,2
DA:355,2
DA:356,0
DA:359,2
DA:360,2
DA:361,2
DA:362,2
DA:363,2
DA:365,2
DA:366,1
DA:369,1
DA:374,0
DA:375,0
DA:379,5
DA:380,0
DA:381,0
DA:382,0
DA:383,0
DA:386,0
DA:387,0
DA:388,0
DA:390,0
DA:391,0
DA:392,0
DA:406,0
DA:408,0
DA:410,0
DA:411,0
DA:415,5
DA:416,1
DA:417,1
DA:418,1
DA:419,1
DA:420,0
DA:423,1
DA:424,1
DA:426,0
DA:427,0
DA:431,5
DA:432,2
DA:433,2
DA:434,2
DA:435,2
DA:437,2
DA:438,0
DA:441,2
DA:442,2
DA:443,0
DA:447,2
DA:448,2
DA:449,2
DA:450,2
DA:451,2
DA:453,2
DA:454,0
DA:457,2
DA:458,2
DA:459,1
DA:468,1
DA:469,1
DA:471,1
DA:473,1
DA:478,1
DA:480,1
DA:481,1
DA:484,2
DA:485,0
DA:486,0
DA:497,0
DA:501,2
DA:503,0
DA:504,0
DA:508,5
DA:509,2
DA:510,2
DA:511,2
DA:513,2
DA:514,0
DA:517,2
DA:518,2
DA:519,0
DA:522,2
DA:523,1
DA:526,1
DA:527,1
DA:529,0
DA:530,0
DA:534,5
DA:535,0
DA:536,0
DA:537,0
DA:540,0
DA:541,0
DA:544,0
DA:547,0
DA:548,0
DA:549,0
DA:550,0
DA:551,0
DA:554,0
DA:557,0
DA:558,0
DA:559,0
DA:560,0
DA:561,0
DA:562,0
DA:563,0
DA:564,0
DA:565,0
DA:566,0
DA:567,0
DA:573,0
DA:575,0
DA:578,0
DA:579,0
DA:580,0
DA:589,0
DA:592,0
DA:593,0
DA:594,0
DA:595,0
DA:598,0
DA:607,0
DA:613,0
DA:615,0
DA:627,0
DA:628,0
LF:303
LH:178
BRDA:8,0,0,2
BRDA:8,0,1,2
BRDA:11,1,0,0
BRDA:11,1,1,0
BRDA:13,2,0,2
BRDA:13,2,1,0
BRDA:14,3,0,0
BRDA:14,3,1,0
BRDA:17,4,0,2
BRDA:17,4,1,0
BRDA:20,5,0,0
BRDA:20,5,1,0
BRDA:26,6,0,2
BRDA:26,6,1,0
BRDA:29,7,0,0
BRDA:29,7,1,0
BRDA:35,8,0,0
BRDA:35,8,1,2
BRDA:39,9,0,0
BRDA:39,9,1,0
BRDA:40,10,0,0
BRDA:40,10,1,0
BRDA:41,11,0,0
BRDA:41,11,1,0
BRDA:42,12,0,0
BRDA:42,12,1,0
BRDA:43,13,0,0
BRDA:43,13,1,0
BRDA:45,14,0,0
BRDA:45,14,1,0
BRDA:46,15,0,0
BRDA:46,15,1,0
BRDA:48,16,0,0
BRDA:48,16,1,0
BRDA:48,17,0,0
BRDA:48,17,1,0
BRDA:48,17,2,0
BRDA:52,18,0,0
BRDA:52,18,1,0
BRDA:52,19,0,0
BRDA:52,19,1,0
BRDA:52,19,2,0
BRDA:64,20,0,0
BRDA:64,20,1,1
BRDA:68,21,0,1
BRDA:68,21,1,0
BRDA:86,22,0,1
BRDA:86,22,1,1
BRDA:89,23,0,1
BRDA:89,23,1,0
BRDA:89,23,2,0
BRDA:104,24,0,2
BRDA:104,24,1,0
BRDA:106,25,0,2
BRDA:106,25,1,0
BRDA:107,26,0,2
BRDA:107,26,1,0
BRDA:108,27,0,2
BRDA:108,27,1,0
BRDA:113,28,0,0
BRDA:113,28,1,2
BRDA:117,29,0,0
BRDA:117,29,1,2
BRDA:117,30,0,2
BRDA:117,30,1,2
BRDA:121,31,0,1
BRDA:121,31,1,1
BRDA:123,32,0,0
BRDA:123,32,1,1
BRDA:124,33,0,0
BRDA:124,33,1,1
BRDA:129,34,0,0
BRDA:129,34,1,1
BRDA:132,35,0,1
BRDA:132,35,1,0
BRDA:135,36,0,1
BRDA:135,36,1,0
BRDA:139,37,0,1
BRDA:139,37,1,0
BRDA:140,38,0,0
BRDA:140,38,1,1
BRDA:144,39,0,1
BRDA:144,39,1,0
BRDA:145,40,0,0
BRDA:145,40,1,1
BRDA:149,41,0,1
BRDA:149,41,1,0
BRDA:156,42,0,0
BRDA:156,42,1,0
BRDA:160,43,0,0
BRDA:160,43,1,0
BRDA:161,44,0,0
BRDA:161,44,1,0
BRDA:162,45,0,0
BRDA:162,45,1,0
BRDA:165,46,0,0
BRDA:165,46,1,0
BRDA:165,47,0,0
BRDA:165,47,1,0
BRDA:168,48,0,0
BRDA:168,48,1,0
BRDA:176,49,0,0
BRDA:176,49,1,0
BRDA:181,50,0,1
BRDA:181,50,1,0
BRDA:182,51,0,1
BRDA:182,51,1,0
BRDA:226,52,0,0
BRDA:226,52,1,2
BRDA:229,53,0,0
BRDA:229,53,1,2
BRDA:232,54,0,2
BRDA:232,54,1,0
BRDA:234,55,0,0
BRDA:234,55,1,2
BRDA:234,56,0,2
BRDA:234,56,1,2
BRDA:243,57,0,1
BRDA:243,57,1,1
BRDA:248,58,0,1
BRDA:248,58,1,0
BRDA:276,59,0,0
BRDA:276,59,1,1
BRDA:293,60,0,1
BRDA:293,60,1,0
BRDA:310,61,0,0
BRDA:310,61,1,2
BRDA:315,62,0,0
BRDA:315,62,1,2
BRDA:318,63,0,0
BRDA:318,63,1,2
BRDA:319,64,0,0
BRDA:319,64,1,2
BRDA:323,65,0,0
BRDA:323,65,1,2
BRDA:324,66,0,0
BRDA:324,66,1,2
BRDA:328,67,0,1
BRDA:328,67,1,1
BRDA:331,68,0,1
BRDA:331,68,1,1
BRDA:333,69,0,1
BRDA:333,69,1,0
BRDA:339,70,0,1
BRDA:339,70,1,1
BRDA:350,71,0,0
BRDA:350,71,1,2
BRDA:355,72,0,0
BRDA:355,72,1,2
BRDA:359,73,0,2
BRDA:359,73,1,0
BRDA:361,74,0,2
BRDA:361,74,1,2
BRDA:362,75,0,2
BRDA:362,75,1,2
BRDA:363,76,0,2
BRDA:363,76,1,2
BRDA:363,76,2,1
BRDA:363,76,3,1
BRDA:365,77,0,1
BRDA:365,77,1,1
BRDA:365,78,0,2
BRDA:365,78,1,1
BRDA:365,78,2,1
BRDA:365,78,3,1
BRDA:382,79,0,0
BRDA:382,79,1,0
BRDA:399,80,0,0
BRDA:399,80,1,0
BRDA:419,81,0,0
BRDA:419,81,1,1
BRDA:424,82,0,1
BRDA:424,82,1,0
BRDA:437,83,0,0
BRDA:437,83,1,2
BRDA:442,84,0,0
BRDA:442,84,1,2
BRDA:447,85,0,2
BRDA:447,85,1,0
BRDA:449,86,0,2
BRDA:449,86,1,2
BRDA:450,87,0,2
BRDA:450,87,1,2
BRDA:451,88,0,2
BRDA:451,88,1,2
BRDA:451,88,2,2
BRDA:451,88,3,2
BRDA:453,89,0,0
BRDA:453,89,1,2
BRDA:453,90,0,2
BRDA:453,90,1,0
BRDA:453,90,2,0
BRDA:453,90,3,0
BRDA:458,91,0,1
BRDA:458,91,1,1
BRDA:462,92,0,1
BRDA:462,92,1,0
BRDA:468,93,0,1
BRDA:468,93,1,0
BRDA:469,94,0,1
BRDA:469,94,1,0
BRDA:471,95,0,1
BRDA:471,95,1,0
BRDA:476,96,0,1
BRDA:476,96,1,0
BRDA:478,97,0,1
BRDA:478,97,1,0
BRDA:484,98,0,0
BRDA:484,98,1,2
BRDA:513,99,0,0
BRDA:513,99,1,2
BRDA:518,100,0,0
BRDA:518,100,1,2
BRDA:522,101,0,1
BRDA:522,101,1,1
BRDA:537,102,0,0
BRDA:537,102,1,0
BRDA:551,103,0,0
BRDA:551,103,1,0
BRDA:551,103,2,0
BRDA:551,103,3,0
BRDA:568,104,0,0
BRDA:568,104,1,0
BRDA:568,104,2,0
BRDA:581,105,0,0
BRDA:581,105,1,0
BRDA:581,105,2,0
BRDA:582,106,0,0
BRDA:582,106,1,0
BRDA:582,106,2,0
BRDA:584,107,0,0
BRDA:584,107,1,0
BRDA:586,108,0,0
BRDA:586,108,1,0
BRDA:586,108,2,0
BRDA:586,108,3,0
BRDA:594,109,0,0
BRDA:594,109,1,0
BRDA:595,110,0,0
BRDA:595,110,1,0
BRDA:608,111,0,0
BRDA:608,111,1,0
BRDA:613,112,0,0
BRDA:613,112,1,0
BRF:244
BRH:102
end_of_record
TN:
SF:src\server\controllers\notificationController.ts
FN:4,(anonymous_0)
FN:20,(anonymous_1)
FN:37,(anonymous_2)
FNF:3
FNH:3
FNDA:1,(anonymous_0)
FNDA:1,(anonymous_1)
FNDA:1,(anonymous_2)
DA:2,5
DA:4,5
DA:5,1
DA:6,1
DA:7,1
DA:9,1
DA:13,1
DA:15,0
DA:16,0
DA:20,5
DA:21,1
DA:22,1
DA:23,1
DA:25,1
DA:30,1
DA:32,0
DA:33,0
DA:37,5
DA:38,1
DA:39,1
DA:40,1
DA:42,1
DA:47,1
DA:49,0
DA:50,0
LF:25
LH:19
BRDA:7,0,0,0
BRDA:7,0,1,1
BRDA:23,1,0,0
BRDA:23,1,1,1
BRDA:40,2,0,0
BRDA:40,2,1,1
BRF:6
BRH:3
end_of_record
TN:
SF:src\server\controllers\publicFormController.ts
FN:4,(anonymous_0)
FN:7,(anonymous_1)
FN:9,(anonymous_2)
FN:19,(anonymous_3)
FN:28,(anonymous_4)
FN:42,(anonymous_5)
FN:44,(anonymous_6)
FN:46,(anonymous_7)
FN:54,(anonymous_8)
FN:76,(anonymous_9)
FN:156,(anonymous_10)
FN:190,(anonymous_11)
FNF:12
FNH:10
FNDA:22,(anonymous_0)
FNDA:23,(anonymous_1)
FNDA:0,(anonymous_2)
FNDA:15,(anonymous_3)
FNDA:0,(anonymous_4)
FNDA:8,(anonymous_5)
FNDA:16,(anonymous_6)
FNDA:15,(anonymous_7)
FNDA:2,(anonymous_8)
FNDA:11,(anonymous_9)
FNDA:5,(anonymous_10)
FNDA:7,(anonymous_11)
DA:2,5
DA:4,5
DA:5,22
DA:7,23
DA:9,5
DA:10,0
DA:11,0
DA:12,0
DA:13,0
DA:15,0
DA:19,5
DA:20,15
DA:22,15
DA:24,8
DA:26,0
DA:28,0
DA:30,7
DA:32,0
DA:34,0
DA:36,0
DA:38,0
DA:42,5
DA:43,8
DA:44,16
DA:46,8
DA:47,15
DA:48,15
DA:54,5
DA:55,2
DA:56,2
DA:57,2
DA:58,2
DA:60,1
DA:71,0
DA:72,0
DA:76,5
DA:77,11
DA:78,11
DA:79,11
DA:80,11
DA:82,11
DA:83,2
DA:86,9
DA:87,9
DA:89,8
DA:90,1
DA:94,7
DA:95,3
DA:97,3
DA:101,3
DA:102,1
DA:107,6
DA:108,6
DA:109,4
DA:117,2
DA:118,2
DA:120,2
DA:121,1
DA:126,1
DA:128,2
DA:129,2
DA:132,6
DA:133,4
DA:134,4
DA:145,0
DA:149,6
DA:151,0
DA:152,0
DA:156,5
DA:157,5
DA:158,5
DA:159,5
DA:160,5
DA:162,5
DA:163,1
DA:166,4
DA:167,4
DA:170,3
DA:171,1
DA:173,1
DA:177,1
DA:178,1
DA:182,2
DA:183,2
DA:185,0
DA:186,0
DA:190,5
DA:191,7
DA:192,7
DA:193,7
DA:194,7
DA:196,7
DA:197,1
DA:200,6
DA:201,6
DA:203,5
DA:206,5
DA:207,2
DA:211,3
DA:216,3
DA:218,2
DA:224,2
DA:225,2
DA:236,0
DA:239,2
DA:241,0
DA:242,0
LF:107
LH:86
BRDA:5,0,0,22
BRDA:5,0,1,22
BRDA:7,1,0,23
BRDA:7,1,1,1
BRDA:10,2,0,0
BRDA:10,2,1,0
BRDA:10,3,0,0
BRDA:10,3,1,0
BRDA:20,4,0,0
BRDA:20,4,1,15
BRDA:20,5,0,15
BRDA:20,5,1,15
BRDA:20,5,2,15
BRDA:22,6,0,8
BRDA:22,6,1,0
BRDA:22,6,2,0
BRDA:22,6,3,7
BRDA:22,6,4,0
BRDA:22,6,5,0
BRDA:22,6,6,0
BRDA:22,6,7,0
BRDA:24,7,0,8
BRDA:24,7,1,1
BRDA:26,8,0,0
BRDA:26,8,1,0
BRDA:28,9,0,0
BRDA:28,9,1,0
BRDA:32,10,0,0
BRDA:32,10,1,0
BRDA:32,10,2,0
BRDA:34,11,0,0
BRDA:34,11,1,0
BRDA:36,12,0,0
BRDA:36,12,1,0
BRDA:36,12,2,0
BRDA:43,13,0,0
BRDA:43,13,1,8
BRDA:43,14,0,8
BRDA:43,14,1,8
BRDA:43,14,2,8
BRDA:48,15,0,15
BRDA:48,15,1,0
BRDA:58,16,0,1
BRDA:58,16,1,1
BRDA:82,17,0,2
BRDA:82,17,1,9
BRDA:82,18,0,11
BRDA:82,18,1,10
BRDA:87,19,0,1
BRDA:87,19,1,8
BRDA:89,20,0,1
BRDA:89,20,1,7
BRDA:89,21,0,8
BRDA:89,21,1,0
BRDA:94,22,0,3
BRDA:94,22,1,4
BRDA:94,23,0,7
BRDA:94,23,1,7
BRDA:95,24,0,3
BRDA:95,24,1,0
BRDA:97,25,0,3
BRDA:97,25,1,2
BRDA:97,25,2,2
BRDA:97,25,3,2
BRDA:101,26,0,1
BRDA:101,26,1,2
BRDA:108,27,0,4
BRDA:108,27,1,2
BRDA:112,28,0,4
BRDA:112,28,1,0
BRDA:117,29,0,2
BRDA:117,29,1,0
BRDA:118,30,0,2
BRDA:118,30,1,0
BRDA:120,31,0,1
BRDA:120,31,1,1
BRDA:124,32,0,1
BRDA:124,32,1,0
BRDA:126,33,0,1
BRDA:126,33,1,0
BRDA:132,34,0,4
BRDA:132,34,1,2
BRDA:162,35,0,1
BRDA:162,35,1,4
BRDA:162,36,0,5
BRDA:162,36,1,5
BRDA:167,37,0,1
BRDA:167,37,1,3
BRDA:170,38,0,1
BRDA:170,38,1,2
BRDA:170,39,0,3
BRDA:170,39,1,3
BRDA:171,40,0,1
BRDA:171,40,1,0
BRDA:173,41,0,1
BRDA:173,41,1,1
BRDA:173,41,2,1
BRDA:173,41,3,1
BRDA:177,42,0,1
BRDA:177,42,1,0
BRDA:183,43,0,1
BRDA:183,43,1,1
BRDA:196,44,0,1
BRDA:196,44,1,6
BRDA:196,45,0,7
BRDA:196,45,1,7
BRDA:201,46,0,1
BRDA:201,46,1,5
BRDA:203,47,0,5
BRDA:203,47,1,0
BRDA:206,48,0,2
BRDA:206,48,1,3
BRDA:206,49,0,5
BRDA:206,49,1,4
BRDA:206,49,2,4
BRDA:216,50,0,1
BRDA:216,50,1,2
BRDA:221,51,0,2
BRDA:221,51,1,0
BRF:119
BRH:83
end_of_record
TN:
SF:src\server\middleware\authMiddleware.ts
FN:8,(anonymous_0)
FNF:1
FNH:1
FNDA:39,(anonymous_0)
DA:2,5
DA:8,5
DA:9,39
DA:11,39
DA:12,5
DA:15,34
DA:16,34
DA:17,2
DA:20,32
DA:21,32
LF:10
LH:10
BRDA:11,0,0,5
BRDA:11,0,1,34
BRDA:16,1,0,2
BRDA:16,1,1,32
BRF:4
BRH:4
end_of_record
TN:
SF:src\server\utils\emailService.ts
FN:3,getEmailHtml
FN:104,sendResetEmail
FNF:2
FNH:2
FNDA:4,getEmailHtml
FNDA:4,sendResetEmail
DA:1,3
DA:4,4
DA:104,3
DA:105,4
DA:107,4
DA:108,4
DA:109,4
DA:110,4
DA:111,4
DA:113,4
DA:114,4
DA:116,4
DA:117,2
DA:118,2
DA:119,2
DA:120,2
DA:121,2
DA:122,2
DA:123,2
DA:133,2
DA:140,1
DA:141,1
DA:143,1
DA:144,1
DA:149,2
DA:150,2
DA:151,1
DA:161,1
DA:169,1
DA:170,1
DA:171,1
DA:172,1
DA:173,1
DA:174,1
DA:175,1
DA:177,1
DA:179,1
DA:181,1
DA:182,1
DA:183,1
DA:184,1
DA:185,1
DA:186,1
LF:43
LH:43
BRDA:108,0,0,4
BRDA:108,0,1,0
BRDA:111,1,0,4
BRDA:111,1,1,4
BRDA:116,2,0,2
BRDA:116,2,1,2
BRDA:116,3,0,4
BRDA:116,3,1,2
BRDA:116,3,2,2
BRF:9
BRH:8
end_of_record
TN:
SF:src\utils\documentProcessor.ts
FN:7,parseAssignmentRules
FN:8,(anonymous_1)
FN:26,readFileAsText
FN:27,(anonymous_3)
FN:29,(anonymous_4)
FN:30,(anonymous_5)
FN:35,extractAnswersFromFile
FN:71,findEmployeeFile
FN:74,(anonymous_8)
FN:80,processDocuments
FN:101,(anonymous_10)
FN:106,(anonymous_11)
FN:118,downloadDocument
FNF:13
FNH:13
FNDA:7,parseAssignmentRules
FNDA:14,(anonymous_1)
FNDA:6,readFileAsText
FNDA:6,(anonymous_3)
FNDA:5,(anonymous_4)
FNDA:1,(anonymous_5)
FNDA:8,extractAnswersFromFile
FNDA:6,findEmployeeFile
FNDA:5,(anonymous_8)
FNDA:2,processDocuments
FNDA:3,(anonymous_10)
FNDA:3,(anonymous_11)
FNDA:2,downloadDocument
DA:7,1
DA:8,14
DA:9,7
DA:11,7
DA:12,7
DA:13,7
DA:14,6
DA:15,6
DA:23,7
DA:26,1
DA:27,6
DA:28,6
DA:29,6
DA:30,6
DA:31,6
DA:35,1
DA:36,8
DA:37,8
DA:39,8
DA:40,8
DA:42,8
DA:43,17
DA:45,17
DA:46,15
DA:47,5
DA:50,15
DA:52,15
DA:53,9
DA:54,9
DA:56,6
DA:57,6
DA:59,2
DA:60,1
DA:64,8
DA:65,4
DA:68,8
DA:71,1
DA:72,6
DA:74,6
DA:75,5
DA:76,5
DA:80,1
DA:85,2
DA:86,2
DA:88,2
DA:90,2
DA:91,2
DA:93,2
DA:94,0
DA:95,0
DA:98,2
DA:99,2
DA:101,2
DA:102,3
DA:106,2
DA:107,3
DA:108,3
DA:109,3
DA:112,2
DA:113,2
DA:115,2
DA:118,1
DA:119,2
DA:120,2
DA:121,2
DA:122,2
DA:123,2
DA:124,2
DA:125,2
DA:126,2
DA:127,2
LF:71
LH:69
BRDA:13,0,0,6
BRDA:13,0,1,1
BRDA:45,1,0,15
BRDA:45,1,1,2
BRDA:46,2,0,5
BRDA:46,2,1,10
BRDA:52,3,0,9
BRDA:52,3,1,6
BRDA:52,4,0,15
BRDA:52,4,1,11
BRDA:54,5,0,9
BRDA:54,5,1,1
BRDA:59,6,0,1
BRDA:59,6,1,1
BRDA:64,7,0,4
BRDA:64,7,1,4
BRDA:93,8,0,0
BRDA:93,8,1,2
BRF:18
BRH:17
end_of_record
TN:
SF:src\utils\excelLogic.tsx
FN:5,(anonymous_0)
FN:23,(anonymous_1)
FN:48,(anonymous_2)
FN:53,(anonymous_3)
FN:64,(anonymous_4)
FN:70,(anonymous_5)
FN:78,(anonymous_6)
FN:87,(anonymous_7)
FNF:8
FNH:8
FNDA:15,(anonymous_0)
FNDA:6,(anonymous_1)
FNDA:6,(anonymous_2)
FNDA:7,(anonymous_3)
FNDA:6,(anonymous_4)
FNDA:5,(anonymous_5)
FNDA:11,(anonymous_6)
FNDA:13,(anonymous_7)
DA:5,1
DA:6,15
DA:10,12
DA:16,12
DA:23,1
DA:24,6
DA:48,1
DA:49,6
DA:50,5
DA:53,1
DA:54,7
DA:55,5
DA:56,5
DA:57,5
DA:58,5
DA:60,5
DA:61,5
DA:64,1
DA:65,6
DA:67,6
DA:70,1
DA:71,5
DA:78,1
DA:79,11
DA:80,11
DA:81,11
DA:82,66
DA:84,11
DA:87,1
DA:88,13
DA:89,11
DA:90,9
DA:91,7
DA:92,7
LF:34
LH:34
BRDA:6,0,0,3
BRDA:6,0,1,12
BRDA:6,1,0,15
BRDA:6,1,1,13
BRDA:25,2,0,1
BRDA:25,2,1,5
BRDA:32,3,0,1
BRDA:32,3,1,5
BRDA:49,4,0,1
BRDA:49,4,1,5
BRDA:54,5,0,2
BRDA:54,5,1,5
BRDA:54,6,0,7
BRDA:54,6,1,6
BRDA:61,7,0,3
BRDA:61,7,1,2
BRDA:65,8,0,6
BRDA:65,8,1,2
BRDA:88,9,0,2
BRDA:88,9,1,11
BRDA:88,10,0,13
BRDA:88,10,1,12
BRDA:89,11,0,2
BRDA:89,11,1,9
BRDA:90,12,0,2
BRDA:90,12,1,7
BRDA:92,13,0,7
BRDA:92,13,1,6
BRDA:92,13,2,5
BRDA:92,13,3,4
BRDA:92,13,4,2
BRF:31
BRH:31
end_of_record
TN:
SF:src\utils\sound.ts
FN:1,(anonymous_0)
FN:8,(anonymous_1)
FNF:2
FNH:2
FNDA:3,(anonymous_0)
FNDA:2,(anonymous_1)
DA:1,1
DA:2,3
DA:3,3
DA:4,3
DA:5,2
DA:8,1
DA:9,2
DA:10,2
DA:12,2
DA:13,2
DA:16,2
DA:17,2
DA:18,2
DA:20,2
DA:21,2
DA:23,2
DA:24,2
DA:27,1
DA:29,1
DA:30,1
DA:32,1
LF:21
LH:21
BRDA:3,0,0,3
BRDA:3,0,1,1
BRDA:4,1,0,1
BRDA:4,1,1,2
BRF:4
BRH:4
end_of_record
